<?xml version="1.0" encoding="UTF-8"?>
<testng-results total="1" passed="1" failed="0" skipped="0">
  <reporter-output>
  </reporter-output>
  <suite started-at="2024-01-19T22:28:10Z" name="test.com.AddBagTest" finished-at="2024-01-19T22:28:30Z" duration-ms="20206">
    <groups>
    </groups>
    <test started-at="2024-01-19T22:28:10Z" name="Command line test" finished-at="2024-01-19T22:28:30Z" duration-ms="20206">
      <class name="test.com.AddBagTest">
        <test-method is-config="true" signature="setUpClass()[pri:0, instance:test.com.AddBagTest@23d2a7e8]" started-at="2024-01-19T16:28:10Z" name="setUpClass" finished-at="2024-01-19T16:28:10Z" duration-ms="4" status="PASS">
          <reporter-output>
          </reporter-output>
        </test-method> <!-- setUpClass -->
        <test-method is-config="true" signature="setUpMethod()[pri:0, instance:test.com.AddBagTest@23d2a7e8]" started-at="2024-01-19T16:28:10Z" name="setUpMethod" finished-at="2024-01-19T16:28:13Z" duration-ms="3033" status="PASS">
          <reporter-output>
          </reporter-output>
        </test-method> <!-- setUpMethod -->
        <test-method signature="testAddBag()[pri:0, instance:test.com.AddBagTest@23d2a7e8]" started-at="2024-01-19T16:28:13Z" name="testAddBag" finished-at="2024-01-19T16:28:30Z" duration-ms="17152" status="PASS">
          <reporter-output>
          </reporter-output>
        </test-method> <!-- testAddBag -->
        <test-method is-config="true" signature="tearDownMethod()[pri:0, instance:test.com.AddBagTest@23d2a7e8]" started-at="2024-01-19T16:28:30Z" name="tearDownMethod" finished-at="2024-01-19T16:28:30Z" duration-ms="0" status="PASS">
          <reporter-output>
          </reporter-output>
        </test-method> <!-- tearDownMethod -->
        <test-method is-config="true" signature="tearDownClass()[pri:0, instance:test.com.AddBagTest@23d2a7e8]" started-at="2024-01-19T16:28:30Z" name="tearDownClass" finished-at="2024-01-19T16:28:30Z" duration-ms="0" status="PASS">
          <reporter-output>
          </reporter-output>
        </test-method> <!-- tearDownClass -->
      </class> <!-- test.com.AddBagTest -->
    </test> <!-- Command line test -->
  </suite> <!-- test.com.AddBagTest -->
</testng-results>
